<?xml version="1.0" encoding="utf-8"?><testsuites name="pytest tests"><testsuite name="pytest" errors="0" failures="0" skipped="0" tests="28" time="9.417" timestamp="2026-07-17T13:29:39.848854+00:00" hostname="agent-env-d4d1a4d7-1a3e-4bc7-ae8e-d18089b9a740"><testcase classname="backend.tests.backend_test.TestHealthAndAuth" name="test_root" time="0.159" /><testcase classname="backend.tests.backend_test.TestHealthAndAuth" name="test_login_success" time="0.336" /><testcase classname="backend.tests.backend_test.TestHealthAndAuth" name="test_login_invalid_rejected" time="0.317" /><testcase classname="backend.tests.backend_test.TestDropboxRemoval" name="test_no_dropbox_reference_in_server" time="0.000" /><testcase classname="backend.tests.backend_test.TestLiveXtream" name="test_categories_are_xtream_native" time="0.382" /><testcase classname="backend.tests.backend_test.TestLiveXtream" name="test_channels_full_list" time="0.170" /><testcase classname="backend.tests.backend_test.TestLiveXtream" name="test_channels_category_filter_and_limit" time="0.092" /><testcase classname="backend.tests.backend_test.TestLiveXtream" name="test_play_returns_proxy_path" time="0.089" /><testcase classname="backend.tests.backend_test.TestLiveXtream" name="test_play_invalid_id_404" time="0.046" /><testcase classname="backend.tests.backend_test.TestLiveXtream" name="test_stream_live_hls_rewritten" time="1.882" /><testcase classname="backend.tests.backend_test.TestChileFirstOrdering" name="test_first_category_is_chile" time="0.063" /><testcase classname="backend.tests.backend_test.TestChileFirstOrdering" name="test_latam_priority_in_top15" time="0.046" /><testcase classname="backend.tests.backend_test.TestHlsSegmentResolution" name="test_segment_803392_returns_mpeg_ts" time="2.065" /><testcase classname="backend.tests.backend_test.TestHlsSegmentResolution" name="test_segment_chile_channel_returns_mpeg_ts" time="2.131" /><testcase classname="backend.tests.backend_test.TestAuthGuard" name="test_requires_auth[/live/categories]" time="0.054" /><testcase classname="backend.tests.backend_test.TestAuthGuard" name="test_requires_auth[/live/channels]" time="0.064" /><testcase classname="backend.tests.backend_test.TestAuthGuard" name="test_requires_auth[/live/play?id=1]" time="0.047" /><testcase classname="backend.tests.backend_test.TestAuthGuard" name="test_requires_auth[/vod/categories]" time="0.051" /><testcase classname="backend.tests.backend_test.TestAuthGuard" name="test_requires_auth[/vod/streams]" time="0.043" /><testcase classname="backend.tests.backend_test.TestAuthGuard" name="test_requires_auth[/vod/info/1]" time="0.052" /><testcase classname="backend.tests.backend_test.TestAuthGuard" name="test_requires_auth[/series/categories]" time="0.046" /><testcase classname="backend.tests.backend_test.TestAuthGuard" name="test_requires_auth[/series/list]" time="0.044" /><testcase classname="backend.tests.backend_test.TestAuthGuard" name="test_requires_auth[/series/info/1]" time="0.052" /><testcase classname="backend.tests.backend_test.TestAuthGuard" name="test_stream_endpoints_require_token" time="0.102" /><testcase classname="backend.tests.backend_test.TestVod" name="test_categories" time="0.054" /><testcase classname="backend.tests.backend_test.TestVod" name="test_info_returns_proxy_url" time="0.392" /><testcase classname="backend.tests.backend_test.TestSeries" name="test_categories" time="0.138" /><testcase classname="backend.tests.backend_test.TestSeries" name="test_info_episodes_use_proxy_urls" time="0.438" /></testsuite></testsuites>